<?xml version="1.0" encoding="UTF-8"?>
<!-- Generated by org.testng.reporters.JUnitReportReporter -->
<testsuite hostname="MUTHULAKSHMI" failures="0" tests="1" name="com.qa.dataDriven.dataDriven" time="13.663" errors="0" timestamp="2024-12-13T22:27:11 IST" skipped="0">
  <testcase classname="com.qa.dataDriven.dataDriven" name="setUp" time="13.663"/>
  <system-out/>
</testsuite> <!-- com.qa.dataDriven.dataDriven -->
