<?xml version="1.0" encoding="UTF-8"?>
<!-- Generated by org.testng.reporters.JUnitReportReporter -->
<testsuite hostname="MUTHULAKSHMI" failures="0" tests="1" name="com.qa.ReadPdf.ReadPDF" time="4.765" errors="0" timestamp="2024-12-13T17:38:54 IST" skipped="0">
  <testcase classname="com.qa.ReadPdf.ReadPDF" name="TestPdf" time="4.765"/>
  <system-out/>
</testsuite> <!-- com.qa.ReadPdf.ReadPDF -->
