<?xml version="1.0" encoding="UTF-8"?>
<!-- Generated by org.testng.reporters.JUnitReportReporter -->
<testsuite hostname="MUTHULAKSHMI" failures="0" tests="1" name="com.qa.GetvaluesfromWebtabletoExcel.GetValuesFromWebTableToExcel" time="32.401" errors="0" timestamp="2024-12-13T15:52:07 IST" skipped="0">
  <testcase classname="com.qa.GetvaluesfromWebtabletoExcel.GetValuesFromWebTableToExcel" name="Getvalues" time="32.401"/>
  <system-out/>
</testsuite> <!-- com.qa.GetvaluesfromWebtabletoExcel.GetValuesFromWebTableToExcel -->
