<?xml version="1.0" encoding="UTF-8"?>
<!-- Generated by org.testng.reporters.JUnitReportReporter -->
<testsuite hostname="MUTHULAKSHMI" failures="0" tests="1" name="com.qa.recorderTest.RecorderTest" time="12.044" errors="0" timestamp="2024-12-13T18:27:26 IST" skipped="0">
  <testcase classname="com.qa.recorderTest.RecorderTest" name="NavigationTest" time="12.044"/>
  <system-out/>
</testsuite> <!-- com.qa.recorderTest.RecorderTest -->
