<?xml version="1.0" encoding="UTF-8"?>
<!-- Generated by org.testng.reporters.JUnitReportReporter -->
<testsuite hostname="MUTHULAKSHMI" failures="0" tests="1" name="ExtentReport" time="0.254" errors="0" timestamp="2024-12-14T22:11:22 IST" skipped="0">
  <testcase classname="ExtentReport" name="setUp" time="0.254"/>
  <system-out/>
</testsuite> <!-- ExtentReport -->
