<?xml version="1.0" encoding="UTF-8"?>
<!-- Generated by org.testng.reporters.JUnitReportReporter -->
<testsuite hostname="MUTHULAKSHMI" failures="0" tests="1" name="com.qa.downloadFile.DownloadFile" time="7.801" errors="0" timestamp="2024-12-13T00:31:37 IST" skipped="0">
  <testcase classname="com.qa.downloadFile.DownloadFile" name="download" time="7.801"/>
  <system-out/>
</testsuite> <!-- com.qa.downloadFile.DownloadFile -->
