<?xml version="1.0" encoding="UTF-8"?>
<!-- Generated by org.testng.reporters.JUnitReportReporter -->
<testsuite hostname="MUTHULAKSHMI" failures="0" tests="1" name="com.qa.CharacterSequence.CharacterSequence" time="3.082" errors="0" timestamp="2024-12-13T21:04:47 IST" skipped="0">
  <testcase classname="com.qa.CharacterSequence.CharacterSequence" name="setUp" time="3.082"/>
  <system-out/>
</testsuite> <!-- com.qa.CharacterSequence.CharacterSequence -->
