<?xml version="1.0" encoding="UTF-8"?>
<!-- Generated by org.testng.reporters.JUnitReportReporter -->
<testsuite hostname="MUTHULAKSHMI" failures="0" tests="1" name="com.qa.testcases.flightsPageTest" time="5.518" errors="0" timestamp="2024-12-12T23:08:58 IST" skipped="0">
  <testcase classname="com.qa.testcases.flightsPageTest" name="flightPageTitleTest" time="5.518"/>
  <system-out/>
</testsuite> <!-- com.qa.testcases.flightsPageTest -->
