<?xml version="1.0" encoding="UTF-8"?>
<!-- Generated by org.testng.reporters.JUnitReportReporter -->
<testsuite hostname="MUTHULAKSHMI" failures="0" tests="1" name="com.qa.testcases.flightsPageTest" time="13.891" errors="0" timestamp="2024-12-12T21:49:43 IST" skipped="0">
  <testcase classname="com.qa.testcases.flightsPageTest" name="flightPageTitleTest" time="13.891"/>
</testsuite> <!-- com.qa.testcases.flightsPageTest -->
